[debug] [2020-04-20T22:11:32.174Z] ----------------------------------------------------------------------
[debug] [2020-04-20T22:11:32.176Z] Command:       /usr/local/bin/node /usr/local/bin/firebase serve --port 8080
[debug] [2020-04-20T22:11:32.176Z] CLI Version:   8.1.1
[debug] [2020-04-20T22:11:32.176Z] Platform:      linux
[debug] [2020-04-20T22:11:32.176Z] Node Version:  v12.16.2
[debug] [2020-04-20T22:11:32.177Z] Time:          Mon Apr 20 2020 23:11:32 GMT+0100 (GMT+01:00)
[debug] [2020-04-20T22:11:32.177Z] ----------------------------------------------------------------------
[debug] [2020-04-20T22:11:32.177Z] 
[debug] [2020-04-20T22:11:32.183Z] > command requires scopes: ["email","openid","https://www.googleapis.com/auth/cloudplatformprojects.readonly","https://www.googleapis.com/auth/firebase","https://www.googleapis.com/auth/cloud-platform"]
[debug] [2020-04-20T22:11:32.184Z] > authorizing via signed-in user
[debug] [2020-04-20T22:11:32.184Z] [iam] checking project traday-362aa for permissions ["firebase.projects.get"]
[debug] [2020-04-20T22:11:32.186Z] >>> HTTP REQUEST POST https://cloudresourcemanager.googleapis.com/v1/projects/traday-362aa:testIamPermissions  
 {"permissions":["firebase.projects.get"]}
[debug] [2020-04-20T22:11:33.406Z] <<< HTTP RESPONSE 200 {"content-type":"application/json; charset=UTF-8","vary":"X-Origin, Referer, Origin,Accept-Encoding","date":"Mon, 20 Apr 2020 22:11:33 GMT","server":"ESF","cache-control":"private","x-xss-protection":"0","x-frame-options":"SAMEORIGIN","x-content-type-options":"nosniff","server-timing":"gfet4t7; dur=762","alt-svc":"quic=\":443\"; ma=2592000; v=\"46,43\",h3-Q050=\":443\"; ma=2592000,h3-Q049=\":443\"; ma=2592000,h3-Q048=\":443\"; ma=2592000,h3-Q046=\":443\"; ma=2592000,h3-Q043=\":443\"; ma=2592000,h3-T050=\":443\"; ma=2592000","accept-ranges":"none","transfer-encoding":"chunked"}
[debug] [2020-04-20T22:11:33.409Z] >>> HTTP REQUEST GET https://firebase.googleapis.com/v1beta1/projects/traday-362aa  
 
[debug] [2020-04-20T22:11:33.926Z] <<< HTTP RESPONSE 200 {"content-type":"application/json; charset=UTF-8","vary":"X-Origin, Referer, Origin,Accept-Encoding","date":"Mon, 20 Apr 2020 22:11:33 GMT","server":"ESF","cache-control":"private","x-xss-protection":"0","x-frame-options":"SAMEORIGIN","x-content-type-options":"nosniff","alt-svc":"quic=\":443\"; ma=2592000; v=\"46,43\",h3-Q050=\":443\"; ma=2592000,h3-Q049=\":443\"; ma=2592000,h3-Q048=\":443\"; ma=2592000,h3-Q046=\":443\"; ma=2592000,h3-Q043=\":443\"; ma=2592000,h3-T050=\":443\"; ma=2592000","accept-ranges":"none","transfer-encoding":"chunked"}
[info] 
[info] === Serving from '/home/alejandro/ULL19-20/2ndo_cuatri/UyA/UyA-Practicas'...
[info] 
[debug] [2020-04-20T22:11:33.937Z] >>> HTTP REQUEST GET https://firebase.googleapis.com/v1beta1/projects/traday-362aa/webApps/-/config  
 
[debug] [2020-04-20T22:11:34.935Z] <<< HTTP RESPONSE 200 {"content-type":"application/json; charset=UTF-8","vary":"X-Origin, Referer, Origin,Accept-Encoding","date":"Mon, 20 Apr 2020 22:11:34 GMT","server":"ESF","cache-control":"private","x-xss-protection":"0","x-frame-options":"SAMEORIGIN","x-content-type-options":"nosniff","alt-svc":"quic=\":443\"; ma=2592000; v=\"46,43\",h3-Q050=\":443\"; ma=2592000,h3-Q049=\":443\"; ma=2592000,h3-Q048=\":443\"; ma=2592000,h3-Q046=\":443\"; ma=2592000,h3-Q043=\":443\"; ma=2592000,h3-T050=\":443\"; ma=2592000","accept-ranges":"none","transfer-encoding":"chunked"}
[info] i  hosting: Serving hosting files from: public
[info] ✔  hosting: Local server: http://localhost:8080
